1615077497374	geckodriver	INFO	Listening on 127.0.0.1:54558
1615077500699	mozrunner::runner	INFO	Running command: "C:\\Program Files\\Mozilla Firefox\\firefox.exe" "--marionette" "-foreground" "-no-remote" "-profile" "C:\\Users\\Movel\\AppData\\Local\\Temp\\rust_mozprofileeA6Aks"
console.warn: SearchSettings: "get: No settings file exists, new profile?" (new Error("", "(unknown module)"))
1615077519708	Marionette	INFO	Listening on port 54567
1615077519829	Marionette	WARN	TLS certificate errors will be ignored for this session
1615077535236	geckodriver	INFO	Listening on 127.0.0.1:54628
1615077538349	mozrunner::runner	INFO	Running command: "C:\\Program Files\\Mozilla Firefox\\firefox.exe" "--marionette" "-foreground" "-no-remote" "-profile" "C:\\Users\\Movel\\AppData\\Local\\Temp\\rust_mozprofilefxZVeH"
console.warn: SearchSettings: "get: No settings file exists, new profile?" (new Error("", "(unknown module)"))
1615077546299	Marionette	INFO	Listening on port 54640
1615077546977	Marionette	WARN	TLS certificate errors will be ignored for this session
1615077564058	geckodriver	INFO	Listening on 127.0.0.1:54687
1615077567352	mozrunner::runner	INFO	Running command: "C:\\Program Files\\Mozilla Firefox\\firefox.exe" "--marionette" "-foreground" "-no-remote" "-profile" "C:\\Users\\Movel\\AppData\\Local\\Temp\\rust_mozprofileAma8zu"
console.warn: SearchSettings: "get: No settings file exists, new profile?" (new Error("", "(unknown module)"))
1615077574659	Marionette	INFO	Listening on port 54697
1615077574811	Marionette	WARN	TLS certificate errors will be ignored for this session
1615077578333	Marionette	WARN	Ignoring event 'pageshow' because document has an invalid readyState of 'uninitialized'.
1615078294017	geckodriver	INFO	Listening on 127.0.0.1:55325
1615078297155	mozrunner::runner	INFO	Running command: "C:\\Program Files\\Mozilla Firefox\\firefox.exe" "--marionette" "-foreground" "-no-remote" "-profile" "C:\\Users\\Movel\\AppData\\Local\\Temp\\rust_mozprofileRBttiA"
console.warn: SearchSettings: "get: No settings file exists, new profile?" (new Error("", "(unknown module)"))
1615078306617	Marionette	INFO	Listening on port 55335
1615078306818	Marionette	WARN	TLS certificate errors will be ignored for this session
1615078310374	Marionette	WARN	Ignoring event 'pageshow' because document has an invalid readyState of 'uninitialized'.
1615078639275	geckodriver	INFO	Listening on 127.0.0.1:55666
1615078642255	mozrunner::runner	INFO	Running command: "C:\\Program Files\\Mozilla Firefox\\firefox.exe" "--marionette" "-foreground" "-no-remote" "-profile" "C:\\Users\\Movel\\AppData\\Local\\Temp\\rust_mozprofilezTuRyM"
console.warn: SearchSettings: "get: No settings file exists, new profile?" (new Error("", "(unknown module)"))
1615078648755	Marionette	INFO	Listening on port 55674
1615078649210	Marionette	WARN	TLS certificate errors will be ignored for this session
1615078653435	Marionette	WARN	Ignoring event 'pageshow' because document has an invalid readyState of 'uninitialized'.
1615078684635	geckodriver	INFO	Listening on 127.0.0.1:55766
1615078687765	mozrunner::runner	INFO	Running command: "C:\\Program Files\\Mozilla Firefox\\firefox.exe" "--marionette" "-foreground" "-no-remote" "-profile" "C:\\Users\\Movel\\AppData\\Local\\Temp\\rust_mozprofile6ww5tS"
console.warn: SearchSettings: "get: No settings file exists, new profile?" (new Error("", "(unknown module)"))
1615078697447	Marionette	INFO	Listening on port 55777
1615078697739	Marionette	WARN	TLS certificate errors will be ignored for this session
1615078701184	Marionette	WARN	Ignoring event 'pageshow' because document has an invalid readyState of 'uninitialized'.

###!!! [Parent][RunMessage] Error: Channel closing: too late to send/recv, messages will be lost

console.warn: LoginRecipes: "getRecipes: falling back to a synchronous message for:" "https://www.youtube.com"
console.warn: LoginRecipes: "getRecipes: falling back to a synchronous message for:" "https://www.youtube.com"
JavaScript error: resource://activity-stream/lib/ASRouter.jsm, line 988: NS_ERROR_ILLEGAL_VALUE: Component returned failure code: 0x80070057 (NS_ERROR_ILLEGAL_VALUE) [nsIObserverService.removeObserver]
1615078878351	Marionette	INFO	Stopped listening on port 55777
1615078889264	geckodriver	INFO	Listening on 127.0.0.1:55996
1615078892512	mozrunner::runner	INFO	Running command: "C:\\Program Files\\Mozilla Firefox\\firefox.exe" "--marionette" "-foreground" "-no-remote" "-profile" "C:\\Users\\Movel\\AppData\\Local\\Temp\\rust_mozprofileyYmFHV"
console.warn: SearchSettings: "get: No settings file exists, new profile?" (new Error("", "(unknown module)"))
1615078915092	Marionette	INFO	Listening on port 56007
1615078915707	Marionette	WARN	TLS certificate errors will be ignored for this session
1615078919924	Marionette	WARN	Ignoring event 'pageshow' because document has an invalid readyState of 'uninitialized'.
console.warn: LoginRecipes: "getRecipes: falling back to a synchronous message for:" "https://www.youtube.com"
console.warn: LoginRecipes: "getRecipes: falling back to a synchronous message for:" "https://www.youtube.com"
1615079062468	Marionette	INFO	Stopped listening on port 56007
1615079066595	geckodriver	INFO	Listening on 127.0.0.1:56211
1615079070087	mozrunner::runner	INFO	Running command: "C:\\Program Files\\Mozilla Firefox\\firefox.exe" "--marionette" "-foreground" "-no-remote" "-profile" "C:\\Users\\Movel\\AppData\\Local\\Temp\\rust_mozprofileAZGeuz"
console.warn: SearchSettings: "get: No settings file exists, new profile?" (new Error("", "(unknown module)"))
1615079077141	Marionette	INFO	Listening on port 56222
1615079077687	Marionette	WARN	TLS certificate errors will be ignored for this session
1615079081334	Marionette	WARN	Ignoring event 'pageshow' because document has an invalid readyState of 'uninitialized'.
1615079136845	geckodriver	INFO	Listening on 127.0.0.1:56338
1615079140117	mozrunner::runner	INFO	Running command: "C:\\Program Files\\Mozilla Firefox\\firefox.exe" "--marionette" "-foreground" "-no-remote" "-profile" "C:\\Users\\Movel\\AppData\\Local\\Temp\\rust_mozprofilehI4VOq"
1615079167801	geckodriver	INFO	Listening on 127.0.0.1:56380
1615079171399	mozrunner::runner	INFO	Running command: "C:\\Program Files\\Mozilla Firefox\\firefox.exe" "--marionette" "-foreground" "-no-remote" "-profile" "C:\\Users\\Movel\\AppData\\Local\\Temp\\rust_mozprofileyC0QAz"
console.warn: SearchSettings: "get: No settings file exists, new profile?" (new Error("", "(unknown module)"))
1615079178452	Marionette	INFO	Listening on port 56390
1615079178930	Marionette	WARN	TLS certificate errors will be ignored for this session
1615079194611	Marionette	INFO	Stopped listening on port 56390

###!!! [Child][RunMessage] Error: Channel closing: too late to send/recv, messages will be lost

1615079234788	geckodriver	INFO	Listening on 127.0.0.1:56466
1615079238032	mozrunner::runner	INFO	Running command: "C:\\Program Files\\Mozilla Firefox\\firefox.exe" "--marionette" "-foreground" "-no-remote" "-profile" "C:\\Users\\Movel\\AppData\\Local\\Temp\\rust_mozprofileeeQACy"
console.warn: SearchSettings: "get: No settings file exists, new profile?" (new Error("", "(unknown module)"))
1615079245544	Marionette	INFO	Listening on port 56476
1615079245670	Marionette	WARN	TLS certificate errors will be ignored for this session
1615079249703	Marionette	WARN	Ignoring event 'pageshow' because document has an invalid readyState of 'uninitialized'.
console.warn: LoginRecipes: "getRecipes: falling back to a synchronous message for:" "https://www.youtube.com"
console.warn: LoginRecipes: "getRecipes: falling back to a synchronous message for:" "https://www.youtube.com"
1615080338252	Marionette	INFO	Stopped listening on port 56476

###!!! [Child][RunMessage] Error: Channel closing: too late to send/recv, messages will be lost

